🔍 Paperclip Heartbeat Check
==================================================

 Checking Cornelio (CEO Virtual)...
   Status: active
   Last Activity: 2026-04-10T20:50:05.069203
   Recent Files: 10

 Checking Magnum (Brazo Derecho)...
   Status: active
   Last Activity: 2026-04-10T20:50:05.069380
   Recent Files: 10
📊 Reporting to Paperclip at 2026-04-10T20:50:05.069387
{
  "timestamp": "2026-04-10T20:50:05.068832",
  "company": "Cornelio.app",
  "agents": [
    {
      "name": "Cornelio",
      "status": "active",
      "last_activity": "2026-04-10T20:50:05.069203",
      "active_sessions": 0,
      "recent_tasks": [
        {
          "file": "package.json",
          "modified": "2026-04-10T20:20:16.584857"
        },
        {
          "file": "HEARTBEAT.md",
          "modified": "2026-04-10T07:42:23.599391"
        },
        {
          "file": "IDENTITY.md",
          "modified": "2026-04-10T07:22:45.714208"
        },
        {
          "file": "SOUL.md",
          "modified": "2026-04-10T19:33:16.221765"
        },
        {
          "file": "paperclip_config.json",
          "modified": "2026-04-10T20:38:59.381734"
        },
        {
          "file": "AGENTS.md",
          "modified": "2026-04-10T07:22:45.700462"
        },
        {
          "file": "package-lock.json",
          "modified": "2026-04-10T20:20:16.587857"
        },
        {
          "file": "USER.md",
          "modified": "2026-04-10T07:22:45.720633"
        },
        {
          "file": "BOOTSTRAP.md",
          "modified": "2026-04-10T07:22:45.729167"
        },
        {
          "file": "cloudflare_token.txt",
          "modified": "2026-04-10T05:30:48.179464"
        }
      ],
      "role": "CEO Virtual"
    },
    {
      "name": "Magnum",
      "status": "active",
      "last_activity": "2026-04-10T20:50:05.069380",
      "active_sessions": 0,
      "recent_tasks": [
        {
          "file": "MEMORY. md",
          "modified": "2026-04-10T15:19:04.637621"
        },
        {
          "file": "HEARTBEAT.md",
          "modified": "2026-04-10T08:50:27.712890"
        },
        {
          "file": "IDENTITY.md",
          "modified": "2026-04-10T08:50:27.711890"
        },
        {
          "file": "SOUL.md",
          "modified": "2026-04-10T17:42:06.114298"
        },
        {
          "file": "file_1---e84fafd0-05b5-41bb-bf0d-493410481ae9.srt",
          "modified": "2026-04-10T17:37:28.672712"
        },
        {
          "file": "AGENTS.md",
          "modified": "2026-04-10T07:41:35.737785"
        },
        {
          "file": "file_1---e84fafd0-05b5-41bb-bf0d-493410481ae9.json",
          "modified": "2026-04-10T17:37:28.673629"
        },
        {
          "file": "file_1---e84fafd0-05b5-41bb-bf0d-493410481ae9.vtt",
          "modified": "2026-04-10T17:37:28.672616"
        },
        {
          "file": "file_1---e84fafd0-05b5-41bb-bf0d-493410481ae9.txt",
          "modified": "2026-04-10T17:37:28.672511"
        },
        {
          "file": "USER.md",
          "modified": "2026-04-10T07:41:35.741785"
        }
      ],
      "role": "Brazo Derecho"
    }
  ]
}

==================================================
✅ Heartbeat complete
🔍 Paperclip Heartbeat Check
==================================================

 Checking Cornelio (CEO Virtual)...
   Status: active
   Last Activity: 2026-04-10T20:55:03.597826
   Recent Files: 10

 Checking Magnum (Brazo Derecho)...
   Status: active
   Last Activity: 2026-04-10T20:55:03.610382
   Recent Files: 10
📊 Reporting to Paperclip at 2026-04-10T20:55:03.610406
{
  "timestamp": "2026-04-10T20:55:03.597564",
  "company": "Cornelio.app",
  "agents": [
    {
      "name": "Cornelio",
      "status": "active",
      "last_activity": "2026-04-10T20:55:03.597826",
      "active_sessions": 0,
      "recent_tasks": [
        {
          "file": "package.json",
          "modified": "2026-04-10T20:20:16.584857"
        },
        {
          "file": "HEARTBEAT.md",
          "modified": "2026-04-10T07:42:23.599391"
        },
        {
          "file": "IDENTITY.md",
          "modified": "2026-04-10T07:22:45.714208"
        },
        {
          "file": "SOUL.md",
          "modified": "2026-04-10T19:33:16.221765"
        },
        {
          "file": "paperclip_config.json",
          "modified": "2026-04-10T20:38:59.381734"
        },
        {
          "file": "AGENTS.md",
          "modified": "2026-04-10T07:22:45.700462"
        },
        {
          "file": "package-lock.json",
          "modified": "2026-04-10T20:20:16.587857"
        },
        {
          "file": "paperclip_agents.json",
          "modified": "2026-04-10T20:52:40.570424"
        },
        {
          "file": "USER.md",
          "modified": "2026-04-10T07:22:45.720633"
        },
        {
          "file": "BOOTSTRAP.md",
          "modified": "2026-04-10T07:22:45.729167"
        }
      ],
      "role": "CEO Virtual"
    },
    {
      "name": "Magnum",
      "status": "active",
      "last_activity": "2026-04-10T20:55:03.610382",
      "active_sessions": 0,
      "recent_tasks": [
        {
          "file": "MEMORY. md",
          "modified": "2026-04-10T15:19:04.637621"
        },
        {
          "file": "HEARTBEAT.md",
          "modified": "2026-04-10T08:50:27.712890"
        },
        {
          "file": "IDENTITY.md",
          "modified": "2026-04-10T08:50:27.711890"
        },
        {
          "file": "SOUL.md",
          "modified": "2026-04-10T17:42:06.114298"
        },
        {
          "file": "file_1---e84fafd0-05b5-41bb-bf0d-493410481ae9.srt",
          "modified": "2026-04-10T17:37:28.672712"
        },
        {
          "file": "AGENTS.md",
          "modified": "2026-04-10T07:41:35.737785"
        },
        {
          "file": "file_1---e84fafd0-05b5-41bb-bf0d-493410481ae9.json",
          "modified": "2026-04-10T17:37:28.673629"
        },
        {
          "file": "file_1---e84fafd0-05b5-41bb-bf0d-493410481ae9.vtt",
          "modified": "2026-04-10T17:37:28.672616"
        },
        {
          "file": "file_1---e84fafd0-05b5-41bb-bf0d-493410481ae9.txt",
          "modified": "2026-04-10T17:37:28.672511"
        },
        {
          "file": "USER.md",
          "modified": "2026-04-10T07:41:35.741785"
        }
      ],
      "role": "Brazo Derecho"
    }
  ]
}

==================================================
✅ Heartbeat complete
🔍 Paperclip Heartbeat Check
==================================================

 Checking Cornelio (CEO Virtual)...
   Status: active
   Last Activity: 2026-04-10T21:00:05.928921
   Recent Files: 10

 Checking Magnum (Brazo Derecho)...
   Status: active
   Last Activity: 2026-04-10T21:00:05.929141
   Recent Files: 10
📊 Reporting to Paperclip at 2026-04-10T21:00:05.929149
{
  "timestamp": "2026-04-10T21:00:05.925434",
  "company": "Cornelio.app",
  "agents": [
    {
      "name": "Cornelio",
      "status": "active",
      "last_activity": "2026-04-10T21:00:05.928921",
      "active_sessions": 0,
      "recent_tasks": [
        {
          "file": "package.json",
          "modified": "2026-04-10T20:20:16.584857"
        },
        {
          "file": "HEARTBEAT.md",
          "modified": "2026-04-10T07:42:23.599391"
        },
        {
          "file": "IDENTITY.md",
          "modified": "2026-04-10T07:22:45.714208"
        },
        {
          "file": "SOUL.md",
          "modified": "2026-04-10T19:33:16.221765"
        },
        {
          "file": "paperclip_config.json",
          "modified": "2026-04-10T20:38:59.381734"
        },
        {
          "file": "AGENTS.md",
          "modified": "2026-04-10T07:22:45.700462"
        },
        {
          "file": "package-lock.json",
          "modified": "2026-04-10T20:20:16.587857"
        },
        {
          "file": "paperclip_agents.json",
          "modified": "2026-04-10T20:52:40.570424"
        },
        {
          "file": "USER.md",
          "modified": "2026-04-10T07:22:45.720633"
        },
        {
          "file": "BOOTSTRAP.md",
          "modified": "2026-04-10T07:22:45.729167"
        }
      ],
      "role": "CEO Virtual"
    },
    {
      "name": "Magnum",
      "status": "active",
      "last_activity": "2026-04-10T21:00:05.929141",
      "active_sessions": 0,
      "recent_tasks": [
        {
          "file": "MEMORY. md",
          "modified": "2026-04-10T15:19:04.637621"
        },
        {
          "file": "HEARTBEAT.md",
          "modified": "2026-04-10T08:50:27.712890"
        },
        {
          "file": "IDENTITY.md",
          "modified": "2026-04-10T08:50:27.711890"
        },
        {
          "file": "SOUL.md",
          "modified": "2026-04-10T17:42:06.114298"
        },
        {
          "file": "file_1---e84fafd0-05b5-41bb-bf0d-493410481ae9.srt",
          "modified": "2026-04-10T17:37:28.672712"
        },
        {
          "file": "AGENTS.md",
          "modified": "2026-04-10T07:41:35.737785"
        },
        {
          "file": "file_1---e84fafd0-05b5-41bb-bf0d-493410481ae9.json",
          "modified": "2026-04-10T17:37:28.673629"
        },
        {
          "file": "file_1---e84fafd0-05b5-41bb-bf0d-493410481ae9.vtt",
          "modified": "2026-04-10T17:37:28.672616"
        },
        {
          "file": "file_1---e84fafd0-05b5-41bb-bf0d-493410481ae9.txt",
          "modified": "2026-04-10T17:37:28.672511"
        },
        {
          "file": "USER.md",
          "modified": "2026-04-10T07:41:35.741785"
        }
      ],
      "role": "Brazo Derecho"
    }
  ]
}

==================================================
✅ Heartbeat complete
🔍 Paperclip Heartbeat Check
==================================================

 Checking Cornelio (CEO Virtual)...
   Status: active
   Last Activity: 2026-04-10T21:05:03.410132
   Recent Files: 10

 Checking Magnum (Brazo Derecho)...
   Status: active
   Last Activity: 2026-04-10T21:05:03.410457
   Recent Files: 10
📊 Reporting to Paperclip at 2026-04-10T21:05:03.410466
{
  "timestamp": "2026-04-10T21:05:03.400661",
  "company": "Cornelio.app",
  "agents": [
    {
      "name": "Cornelio",
      "status": "active",
      "last_activity": "2026-04-10T21:05:03.410132",
      "active_sessions": 0,
      "recent_tasks": [
        {
          "file": "package.json",
          "modified": "2026-04-10T20:20:16.584857"
        },
        {
          "file": "HEARTBEAT.md",
          "modified": "2026-04-10T07:42:23.599391"
        },
        {
          "file": "IDENTITY.md",
          "modified": "2026-04-10T07:22:45.714208"
        },
        {
          "file": "SOUL.md",
          "modified": "2026-04-10T19:33:16.221765"
        },
        {
          "file": "paperclip_config.json",
          "modified": "2026-04-10T20:38:59.381734"
        },
        {
          "file": "AGENTS.md",
          "modified": "2026-04-10T07:22:45.700462"
        },
        {
          "file": "package-lock.json",
          "modified": "2026-04-10T20:20:16.587857"
        },
        {
          "file": "paperclip_agents.json",
          "modified": "2026-04-10T20:52:40.570424"
        },
        {
          "file": "USER.md",
          "modified": "2026-04-10T07:22:45.720633"
        },
        {
          "file": "paperclip_claimed_api_key.json",
          "modified": "2026-04-10T21:04:21.014871"
        }
      ],
      "role": "CEO Virtual"
    },
    {
      "name": "Magnum",
      "status": "active",
      "last_activity": "2026-04-10T21:05:03.410457",
      "active_sessions": 0,
      "recent_tasks": [
        {
          "file": "MEMORY. md",
          "modified": "2026-04-10T15:19:04.637621"
        },
        {
          "file": "HEARTBEAT.md",
          "modified": "2026-04-10T08:50:27.712890"
        },
        {
          "file": "IDENTITY.md",
          "modified": "2026-04-10T08:50:27.711890"
        },
        {
          "file": "SOUL.md",
          "modified": "2026-04-10T17:42:06.114298"
        },
        {
          "file": "file_1---e84fafd0-05b5-41bb-bf0d-493410481ae9.srt",
          "modified": "2026-04-10T17:37:28.672712"
        },
        {
          "file": "AGENTS.md",
          "modified": "2026-04-10T07:41:35.737785"
        },
        {
          "file": "file_1---e84fafd0-05b5-41bb-bf0d-493410481ae9.json",
          "modified": "2026-04-10T17:37:28.673629"
        },
        {
          "file": "file_1---e84fafd0-05b5-41bb-bf0d-493410481ae9.vtt",
          "modified": "2026-04-10T17:37:28.672616"
        },
        {
          "file": "file_1---e84fafd0-05b5-41bb-bf0d-493410481ae9.txt",
          "modified": "2026-04-10T17:37:28.672511"
        },
        {
          "file": "USER.md",
          "modified": "2026-04-10T07:41:35.741785"
        }
      ],
      "role": "Brazo Derecho"
    }
  ]
}

==================================================
✅ Heartbeat complete
🔍 Paperclip Heartbeat Check
==================================================

 Checking Cornelio (CEO Virtual)...
   Status: active
   Last Activity: 2026-04-10T21:10:03.725144
   Recent Files: 10

 Checking Magnum (Brazo Derecho)...
   Status: active
   Last Activity: 2026-04-10T21:10:03.725349
   Recent Files: 10
📊 Reporting to Paperclip at 2026-04-10T21:10:03.725356
{
  "timestamp": "2026-04-10T21:10:03.724713",
  "company": "Cornelio.app",
  "agents": [
    {
      "name": "Cornelio",
      "status": "active",
      "last_activity": "2026-04-10T21:10:03.725144",
      "active_sessions": 0,
      "recent_tasks": [
        {
          "file": "package.json",
          "modified": "2026-04-10T20:20:16.584857"
        },
        {
          "file": "HEARTBEAT.md",
          "modified": "2026-04-10T07:42:23.599391"
        },
        {
          "file": "IDENTITY.md",
          "modified": "2026-04-10T07:22:45.714208"
        },
        {
          "file": "SOUL.md",
          "modified": "2026-04-10T19:33:16.221765"
        },
        {
          "file": "paperclip_config.json",
          "modified": "2026-04-10T20:38:59.381734"
        },
        {
          "file": "AGENTS.md",
          "modified": "2026-04-10T07:22:45.700462"
        },
        {
          "file": "package-lock.json",
          "modified": "2026-04-10T20:20:16.587857"
        },
        {
          "file": "paperclip_agents.json",
          "modified": "2026-04-10T20:52:40.570424"
        },
        {
          "file": "USER.md",
          "modified": "2026-04-10T07:22:45.720633"
        },
        {
          "file": "paperclip_claimed_api_key.json",
          "modified": "2026-04-10T21:05:54.683427"
        }
      ],
      "role": "CEO Virtual"
    },
    {
      "name": "Magnum",
      "status": "active",
      "last_activity": "2026-04-10T21:10:03.725349",
      "active_sessions": 0,
      "recent_tasks": [
        {
          "file": "MEMORY. md",
          "modified": "2026-04-10T15:19:04.637621"
        },
        {
          "file": "HEARTBEAT.md",
          "modified": "2026-04-10T08:50:27.712890"
        },
        {
          "file": "IDENTITY.md",
          "modified": "2026-04-10T08:50:27.711890"
        },
        {
          "file": "SOUL.md",
          "modified": "2026-04-10T17:42:06.114298"
        },
        {
          "file": "file_1---e84fafd0-05b5-41bb-bf0d-493410481ae9.srt",
          "modified": "2026-04-10T17:37:28.672712"
        },
        {
          "file": "AGENTS.md",
          "modified": "2026-04-10T07:41:35.737785"
        },
        {
          "file": "file_1---e84fafd0-05b5-41bb-bf0d-493410481ae9.json",
          "modified": "2026-04-10T17:37:28.673629"
        },
        {
          "file": "file_1---e84fafd0-05b5-41bb-bf0d-493410481ae9.vtt",
          "modified": "2026-04-10T17:37:28.672616"
        },
        {
          "file": "file_1---e84fafd0-05b5-41bb-bf0d-493410481ae9.txt",
          "modified": "2026-04-10T17:37:28.672511"
        },
        {
          "file": "USER.md",
          "modified": "2026-04-10T07:41:35.741785"
        }
      ],
      "role": "Brazo Derecho"
    }
  ]
}

==================================================
✅ Heartbeat complete
🔍 Paperclip Heartbeat Check
==================================================

 Checking Cornelio (CEO Virtual)...
   Status: active
   Last Activity: 2026-04-10T21:15:01.665457
   Recent Files: 10

 Checking Magnum (Brazo Derecho)...
   Status: active
   Last Activity: 2026-04-10T21:15:01.665685
   Recent Files: 10
📊 Reporting to Paperclip at 2026-04-10T21:15:01.665693
{
  "timestamp": "2026-04-10T21:15:01.665073",
  "company": "Cornelio.app",
  "agents": [
    {
      "name": "Cornelio",
      "status": "active",
      "last_activity": "2026-04-10T21:15:01.665457",
      "active_sessions": 0,
      "recent_tasks": [
        {
          "file": "package.json",
          "modified": "2026-04-10T20:20:16.584857"
        },
        {
          "file": "HEARTBEAT.md",
          "modified": "2026-04-10T07:42:23.599391"
        },
        {
          "file": "IDENTITY.md",
          "modified": "2026-04-10T07:22:45.714208"
        },
        {
          "file": "SOUL.md",
          "modified": "2026-04-10T19:33:16.221765"
        },
        {
          "file": "paperclip_config.json",
          "modified": "2026-04-10T20:38:59.381734"
        },
        {
          "file": "AGENTS.md",
          "modified": "2026-04-10T07:22:45.700462"
        },
        {
          "file": "package-lock.json",
          "modified": "2026-04-10T20:20:16.587857"
        },
        {
          "file": "paperclip_agents.json",
          "modified": "2026-04-10T20:52:40.570424"
        },
        {
          "file": "USER.md",
          "modified": "2026-04-10T07:22:45.720633"
        },
        {
          "file": "paperclip_claimed_api_key.json",
          "modified": "2026-04-10T21:05:54.683427"
        }
      ],
      "role": "CEO Virtual"
    },
    {
      "name": "Magnum",
      "status": "active",
      "last_activity": "2026-04-10T21:15:01.665685",
      "active_sessions": 0,
      "recent_tasks": [
        {
          "file": "MEMORY. md",
          "modified": "2026-04-10T15:19:04.637621"
        },
        {
          "file": "HEARTBEAT.md",
          "modified": "2026-04-10T08:50:27.712890"
        },
        {
          "file": "IDENTITY.md",
          "modified": "2026-04-10T08:50:27.711890"
        },
        {
          "file": "SOUL.md",
          "modified": "2026-04-10T17:42:06.114298"
        },
        {
          "file": "file_1---e84fafd0-05b5-41bb-bf0d-493410481ae9.srt",
          "modified": "2026-04-10T17:37:28.672712"
        },
        {
          "file": "AGENTS.md",
          "modified": "2026-04-10T07:41:35.737785"
        },
        {
          "file": "file_1---e84fafd0-05b5-41bb-bf0d-493410481ae9.json",
          "modified": "2026-04-10T17:37:28.673629"
        },
        {
          "file": "file_1---e84fafd0-05b5-41bb-bf0d-493410481ae9.vtt",
          "modified": "2026-04-10T17:37:28.672616"
        },
        {
          "file": "file_1---e84fafd0-05b5-41bb-bf0d-493410481ae9.txt",
          "modified": "2026-04-10T17:37:28.672511"
        },
        {
          "file": "USER.md",
          "modified": "2026-04-10T07:41:35.741785"
        }
      ],
      "role": "Brazo Derecho"
    }
  ]
}

==================================================
✅ Heartbeat complete
🔍 Paperclip Heartbeat Check
==================================================

 Checking Cornelio (CEO Virtual)...
   Status: active
   Last Activity: 2026-04-10T21:20:01.344593
   Recent Files: 10

 Checking Magnum (Brazo Derecho)...
   Status: active
   Last Activity: 2026-04-10T21:20:01.344824
   Recent Files: 10
📊 Reporting to Paperclip at 2026-04-10T21:20:01.346628
{
  "timestamp": "2026-04-10T21:20:01.344290",
  "company": "Cornelio.app",
  "agents": [
    {
      "name": "Cornelio",
      "status": "active",
      "last_activity": "2026-04-10T21:20:01.344593",
      "active_sessions": 0,
      "recent_tasks": [
        {
          "file": "package.json",
          "modified": "2026-04-10T20:20:16.584857"
        },
        {
          "file": "HEARTBEAT.md",
          "modified": "2026-04-10T07:42:23.599391"
        },
        {
          "file": "IDENTITY.md",
          "modified": "2026-04-10T07:22:45.714208"
        },
        {
          "file": "SOUL.md",
          "modified": "2026-04-10T19:33:16.221765"
        },
        {
          "file": "paperclip_config.json",
          "modified": "2026-04-10T20:38:59.381734"
        },
        {
          "file": "AGENTS.md",
          "modified": "2026-04-10T07:22:45.700462"
        },
        {
          "file": "package-lock.json",
          "modified": "2026-04-10T20:20:16.587857"
        },
        {
          "file": "paperclip_agents.json",
          "modified": "2026-04-10T20:52:40.570424"
        },
        {
          "file": "USER.md",
          "modified": "2026-04-10T07:22:45.720633"
        },
        {
          "file": "paperclip_claimed_api_key.json",
          "modified": "2026-04-10T21:05:54.683427"
        }
      ],
      "role": "CEO Virtual"
    },
    {
      "name": "Magnum",
      "status": "active",
      "last_activity": "2026-04-10T21:20:01.344824",
      "active_sessions": 0,
      "recent_tasks": [
        {
          "file": "MEMORY. md",
          "modified": "2026-04-10T15:19:04.637621"
        },
        {
          "file": "HEARTBEAT.md",
          "modified": "2026-04-10T08:50:27.712890"
        },
        {
          "file": "IDENTITY.md",
          "modified": "2026-04-10T08:50:27.711890"
        },
        {
          "file": "SOUL.md",
          "modified": "2026-04-10T17:42:06.114298"
        },
        {
          "file": "file_1---e84fafd0-05b5-41bb-bf0d-493410481ae9.srt",
          "modified": "2026-04-10T17:37:28.672712"
        },
        {
          "file": "AGENTS.md",
          "modified": "2026-04-10T07:41:35.737785"
        },
        {
          "file": "file_1---e84fafd0-05b5-41bb-bf0d-493410481ae9.json",
          "modified": "2026-04-10T17:37:28.673629"
        },
        {
          "file": "file_1---e84fafd0-05b5-41bb-bf0d-493410481ae9.vtt",
          "modified": "2026-04-10T17:37:28.672616"
        },
        {
          "file": "file_1---e84fafd0-05b5-41bb-bf0d-493410481ae9.txt",
          "modified": "2026-04-10T17:37:28.672511"
        },
        {
          "file": "USER.md",
          "modified": "2026-04-10T07:41:35.741785"
        }
      ],
      "role": "Brazo Derecho"
    }
  ]
}

==================================================
✅ Heartbeat complete
🔍 Paperclip Heartbeat Check
==================================================

 Checking Cornelio (CEO Virtual)...
   Status: active
   Last Activity: 2026-04-10T21:25:01.613922
   Recent Files: 10

 Checking Magnum (Brazo Derecho)...
   Status: active
   Last Activity: 2026-04-10T21:25:01.614109
   Recent Files: 10
📊 Reporting to Paperclip at 2026-04-10T21:25:01.614115
{
  "timestamp": "2026-04-10T21:25:01.613561",
  "company": "Cornelio.app",
  "agents": [
    {
      "name": "Cornelio",
      "status": "active",
      "last_activity": "2026-04-10T21:25:01.613922",
      "active_sessions": 0,
      "recent_tasks": [
        {
          "file": "package.json",
          "modified": "2026-04-10T20:20:16.584857"
        },
        {
          "file": "HEARTBEAT.md",
          "modified": "2026-04-10T07:42:23.599391"
        },
        {
          "file": "IDENTITY.md",
          "modified": "2026-04-10T07:22:45.714208"
        },
        {
          "file": "SOUL.md",
          "modified": "2026-04-10T19:33:16.221765"
        },
        {
          "file": "paperclip_config.json",
          "modified": "2026-04-10T20:38:59.381734"
        },
        {
          "file": "AGENTS.md",
          "modified": "2026-04-10T07:22:45.700462"
        },
        {
          "file": "package-lock.json",
          "modified": "2026-04-10T20:20:16.587857"
        },
        {
          "file": "paperclip_agents.json",
          "modified": "2026-04-10T20:52:40.570424"
        },
        {
          "file": "USER.md",
          "modified": "2026-04-10T07:22:45.720633"
        },
        {
          "file": "paperclip_claimed_api_key.json",
          "modified": "2026-04-10T21:05:54.683427"
        }
      ],
      "role": "CEO Virtual"
    },
    {
      "name": "Magnum",
      "status": "active",
      "last_activity": "2026-04-10T21:25:01.614109",
      "active_sessions": 0,
      "recent_tasks": [
        {
          "file": "MEMORY. md",
          "modified": "2026-04-10T15:19:04.637621"
        },
        {
          "file": "HEARTBEAT.md",
          "modified": "2026-04-10T08:50:27.712890"
        },
        {
          "file": "IDENTITY.md",
          "modified": "2026-04-10T08:50:27.711890"
        },
        {
          "file": "SOUL.md",
          "modified": "2026-04-10T17:42:06.114298"
        },
        {
          "file": "file_1---e84fafd0-05b5-41bb-bf0d-493410481ae9.srt",
          "modified": "2026-04-10T17:37:28.672712"
        },
        {
          "file": "AGENTS.md",
          "modified": "2026-04-10T07:41:35.737785"
        },
        {
          "file": "file_1---e84fafd0-05b5-41bb-bf0d-493410481ae9.json",
          "modified": "2026-04-10T17:37:28.673629"
        },
        {
          "file": "file_1---e84fafd0-05b5-41bb-bf0d-493410481ae9.vtt",
          "modified": "2026-04-10T17:37:28.672616"
        },
        {
          "file": "file_1---e84fafd0-05b5-41bb-bf0d-493410481ae9.txt",
          "modified": "2026-04-10T17:37:28.672511"
        },
        {
          "file": "USER.md",
          "modified": "2026-04-10T07:41:35.741785"
        }
      ],
      "role": "Brazo Derecho"
    }
  ]
}

==================================================
✅ Heartbeat complete
🔍 Paperclip Heartbeat Check
==================================================

 Checking Cornelio (CEO Virtual)...
   Status: active
   Last Activity: 2026-04-10T21:30:01.934144
   Recent Files: 10

 Checking Magnum (Brazo Derecho)...
   Status: active
   Last Activity: 2026-04-10T21:30:01.935001
   Recent Files: 10
📊 Reporting to Paperclip at 2026-04-10T21:30:01.935097
{
  "timestamp": "2026-04-10T21:30:01.933802",
  "company": "Cornelio.app",
  "agents": [
    {
      "name": "Cornelio",
      "status": "active",
      "last_activity": "2026-04-10T21:30:01.934144",
      "active_sessions": 0,
      "recent_tasks": [
        {
          "file": "package.json",
          "modified": "2026-04-10T20:20:16.584857"
        },
        {
          "file": "HEARTBEAT.md",
          "modified": "2026-04-10T07:42:23.599391"
        },
        {
          "file": "IDENTITY.md",
          "modified": "2026-04-10T07:22:45.714208"
        },
        {
          "file": "SOUL.md",
          "modified": "2026-04-10T19:33:16.221765"
        },
        {
          "file": "paperclip_config.json",
          "modified": "2026-04-10T20:38:59.381734"
        },
        {
          "file": "AGENTS.md",
          "modified": "2026-04-10T07:22:45.700462"
        },
        {
          "file": "package-lock.json",
          "modified": "2026-04-10T20:20:16.587857"
        },
        {
          "file": "paperclip_agents.json",
          "modified": "2026-04-10T20:52:40.570424"
        },
        {
          "file": "USER.md",
          "modified": "2026-04-10T07:22:45.720633"
        },
        {
          "file": "paperclip_claimed_api_key.json",
          "modified": "2026-04-10T21:05:54.683427"
        }
      ],
      "role": "CEO Virtual"
    },
    {
      "name": "Magnum",
      "status": "active",
      "last_activity": "2026-04-10T21:30:01.935001",
      "active_sessions": 0,
      "recent_tasks": [
        {
          "file": "MEMORY. md",
          "modified": "2026-04-10T15:19:04.637621"
        },
        {
          "file": "HEARTBEAT.md",
          "modified": "2026-04-10T08:50:27.712890"
        },
        {
          "file": "IDENTITY.md",
          "modified": "2026-04-10T08:50:27.711890"
        },
        {
          "file": "SOUL.md",
          "modified": "2026-04-10T17:42:06.114298"
        },
        {
          "file": "file_1---e84fafd0-05b5-41bb-bf0d-493410481ae9.srt",
          "modified": "2026-04-10T17:37:28.672712"
        },
        {
          "file": "AGENTS.md",
          "modified": "2026-04-10T07:41:35.737785"
        },
        {
          "file": "file_1---e84fafd0-05b5-41bb-bf0d-493410481ae9.json",
          "modified": "2026-04-10T17:37:28.673629"
        },
        {
          "file": "file_1---e84fafd0-05b5-41bb-bf0d-493410481ae9.vtt",
          "modified": "2026-04-10T17:37:28.672616"
        },
        {
          "file": "file_1---e84fafd0-05b5-41bb-bf0d-493410481ae9.txt",
          "modified": "2026-04-10T17:37:28.672511"
        },
        {
          "file": "USER.md",
          "modified": "2026-04-10T07:41:35.741785"
        }
      ],
      "role": "Brazo Derecho"
    }
  ]
}

==================================================
✅ Heartbeat complete
🔍 Paperclip Heartbeat Check
==================================================

 Checking Cornelio (CEO Virtual)...
   Status: active
   Last Activity: 2026-04-10T21:35:02.282327
   Recent Files: 10

 Checking Magnum (Brazo Derecho)...
   Status: active
   Last Activity: 2026-04-10T21:35:02.282500
   Recent Files: 10
📊 Reporting to Paperclip at 2026-04-10T21:35:02.282506
{
  "timestamp": "2026-04-10T21:35:02.281989",
  "company": "Cornelio.app",
  "agents": [
    {
      "name": "Cornelio",
      "status": "active",
      "last_activity": "2026-04-10T21:35:02.282327",
      "active_sessions": 0,
      "recent_tasks": [
        {
          "file": "package.json",
          "modified": "2026-04-10T20:20:16.584857"
        },
        {
          "file": "HEARTBEAT.md",
          "modified": "2026-04-10T07:42:23.599391"
        },
        {
          "file": "IDENTITY.md",
          "modified": "2026-04-10T07:22:45.714208"
        },
        {
          "file": "SOUL.md",
          "modified": "2026-04-10T19:33:16.221765"
        },
        {
          "file": "paperclip_config.json",
          "modified": "2026-04-10T20:38:59.381734"
        },
        {
          "file": "AGENTS.md",
          "modified": "2026-04-10T07:22:45.700462"
        },
        {
          "file": "package-lock.json",
          "modified": "2026-04-10T20:20:16.587857"
        },
        {
          "file": "paperclip_agents.json",
          "modified": "2026-04-10T20:52:40.570424"
        },
        {
          "file": "USER.md",
          "modified": "2026-04-10T07:22:45.720633"
        },
        {
          "file": "paperclip_claimed_api_key.json",
          "modified": "2026-04-10T21:05:54.683427"
        }
      ],
      "role": "CEO Virtual"
    },
    {
      "name": "Magnum",
      "status": "active",
      "last_activity": "2026-04-10T21:35:02.282500",
      "active_sessions": 0,
      "recent_tasks": [
        {
          "file": "MEMORY. md",
          "modified": "2026-04-10T15:19:04.637621"
        },
        {
          "file": "HEARTBEAT.md",
          "modified": "2026-04-10T08:50:27.712890"
        },
        {
          "file": "IDENTITY.md",
          "modified": "2026-04-10T08:50:27.711890"
        },
        {
          "file": "SOUL.md",
          "modified": "2026-04-10T17:42:06.114298"
        },
        {
          "file": "file_1---e84fafd0-05b5-41bb-bf0d-493410481ae9.srt",
          "modified": "2026-04-10T17:37:28.672712"
        },
        {
          "file": "AGENTS.md",
          "modified": "2026-04-10T07:41:35.737785"
        },
        {
          "file": "file_1---e84fafd0-05b5-41bb-bf0d-493410481ae9.json",
          "modified": "2026-04-10T17:37:28.673629"
        },
        {
          "file": "file_1---e84fafd0-05b5-41bb-bf0d-493410481ae9.vtt",
          "modified": "2026-04-10T17:37:28.672616"
        },
        {
          "file": "file_1---e84fafd0-05b5-41bb-bf0d-493410481ae9.txt",
          "modified": "2026-04-10T17:37:28.672511"
        },
        {
          "file": "USER.md",
          "modified": "2026-04-10T07:41:35.741785"
        }
      ],
      "role": "Brazo Derecho"
    }
  ]
}

==================================================
✅ Heartbeat complete
🔍 Paperclip Heartbeat Check
==================================================

 Checking Cornelio (CEO Virtual)...
   Status: active
   Last Activity: 2026-04-10T21:40:01.772170
   Recent Files: 10

 Checking Magnum (Brazo Derecho)...
   Status: active
   Last Activity: 2026-04-10T21:40:01.772353
   Recent Files: 10
📊 Reporting to Paperclip at 2026-04-10T21:40:01.772359
{
  "timestamp": "2026-04-10T21:40:01.771834",
  "company": "Cornelio.app",
  "agents": [
    {
      "name": "Cornelio",
      "status": "active",
      "last_activity": "2026-04-10T21:40:01.772170",
      "active_sessions": 0,
      "recent_tasks": [
        {
          "file": "package.json",
          "modified": "2026-04-10T20:20:16.584857"
        },
        {
          "file": "HEARTBEAT.md",
          "modified": "2026-04-10T07:42:23.599391"
        },
        {
          "file": "IDENTITY.md",
          "modified": "2026-04-10T07:22:45.714208"
        },
        {
          "file": "SOUL.md",
          "modified": "2026-04-10T19:33:16.221765"
        },
        {
          "file": "paperclip_config.json",
          "modified": "2026-04-10T20:38:59.381734"
        },
        {
          "file": "AGENTS.md",
          "modified": "2026-04-10T07:22:45.700462"
        },
        {
          "file": "package-lock.json",
          "modified": "2026-04-10T20:20:16.587857"
        },
        {
          "file": "paperclip_agents.json",
          "modified": "2026-04-10T20:52:40.570424"
        },
        {
          "file": "USER.md",
          "modified": "2026-04-10T07:22:45.720633"
        },
        {
          "file": "paperclip_claimed_api_key.json",
          "modified": "2026-04-10T21:05:54.683427"
        }
      ],
      "role": "CEO Virtual"
    },
    {
      "name": "Magnum",
      "status": "active",
      "last_activity": "2026-04-10T21:40:01.772353",
      "active_sessions": 0,
      "recent_tasks": [
        {
          "file": "MEMORY. md",
          "modified": "2026-04-10T15:19:04.637621"
        },
        {
          "file": "HEARTBEAT.md",
          "modified": "2026-04-10T08:50:27.712890"
        },
        {
          "file": "IDENTITY.md",
          "modified": "2026-04-10T08:50:27.711890"
        },
        {
          "file": "SOUL.md",
          "modified": "2026-04-10T17:42:06.114298"
        },
        {
          "file": "file_1---e84fafd0-05b5-41bb-bf0d-493410481ae9.srt",
          "modified": "2026-04-10T17:37:28.672712"
        },
        {
          "file": "AGENTS.md",
          "modified": "2026-04-10T07:41:35.737785"
        },
        {
          "file": "file_1---e84fafd0-05b5-41bb-bf0d-493410481ae9.json",
          "modified": "2026-04-10T17:37:28.673629"
        },
        {
          "file": "file_1---e84fafd0-05b5-41bb-bf0d-493410481ae9.vtt",
          "modified": "2026-04-10T17:37:28.672616"
        },
        {
          "file": "file_1---e84fafd0-05b5-41bb-bf0d-493410481ae9.txt",
          "modified": "2026-04-10T17:37:28.672511"
        },
        {
          "file": "USER.md",
          "modified": "2026-04-10T07:41:35.741785"
        }
      ],
      "role": "Brazo Derecho"
    }
  ]
}

==================================================
✅ Heartbeat complete
🔍 Paperclip Heartbeat Check
==================================================

 Checking Cornelio (CEO Virtual)...
   Status: active
   Last Activity: 2026-04-10T21:45:02.032589
   Recent Files: 10

 Checking Magnum (Brazo Derecho)...
   Status: active
   Last Activity: 2026-04-10T21:45:02.032771
   Recent Files: 10
📊 Reporting to Paperclip at 2026-04-10T21:45:02.032777
{
  "timestamp": "2026-04-10T21:45:02.032109",
  "company": "Cornelio.app",
  "agents": [
    {
      "name": "Cornelio",
      "status": "active",
      "last_activity": "2026-04-10T21:45:02.032589",
      "active_sessions": 0,
      "recent_tasks": [
        {
          "file": "package.json",
          "modified": "2026-04-10T20:20:16.584857"
        },
        {
          "file": "HEARTBEAT.md",
          "modified": "2026-04-10T07:42:23.599391"
        },
        {
          "file": "IDENTITY.md",
          "modified": "2026-04-10T07:22:45.714208"
        },
        {
          "file": "SOUL.md",
          "modified": "2026-04-10T19:33:16.221765"
        },
        {
          "file": "paperclip_config.json",
          "modified": "2026-04-10T20:38:59.381734"
        },
        {
          "file": "AGENTS.md",
          "modified": "2026-04-10T07:22:45.700462"
        },
        {
          "file": "package-lock.json",
          "modified": "2026-04-10T20:20:16.587857"
        },
        {
          "file": "paperclip_agents.json",
          "modified": "2026-04-10T20:52:40.570424"
        },
        {
          "file": "USER.md",
          "modified": "2026-04-10T07:22:45.720633"
        },
        {
          "file": "paperclip_claimed_api_key.json",
          "modified": "2026-04-10T21:05:54.683427"
        }
      ],
      "role": "CEO Virtual"
    },
    {
      "name": "Magnum",
      "status": "active",
      "last_activity": "2026-04-10T21:45:02.032771",
      "active_sessions": 0,
      "recent_tasks": [
        {
          "file": "MEMORY. md",
          "modified": "2026-04-10T15:19:04.637621"
        },
        {
          "file": "HEARTBEAT.md",
          "modified": "2026-04-10T08:50:27.712890"
        },
        {
          "file": "IDENTITY.md",
          "modified": "2026-04-10T08:50:27.711890"
        },
        {
          "file": "SOUL.md",
          "modified": "2026-04-10T17:42:06.114298"
        },
        {
          "file": "file_1---e84fafd0-05b5-41bb-bf0d-493410481ae9.srt",
          "modified": "2026-04-10T17:37:28.672712"
        },
        {
          "file": "AGENTS.md",
          "modified": "2026-04-10T07:41:35.737785"
        },
        {
          "file": "file_1---e84fafd0-05b5-41bb-bf0d-493410481ae9.json",
          "modified": "2026-04-10T17:37:28.673629"
        },
        {
          "file": "file_1---e84fafd0-05b5-41bb-bf0d-493410481ae9.vtt",
          "modified": "2026-04-10T17:37:28.672616"
        },
        {
          "file": "file_1---e84fafd0-05b5-41bb-bf0d-493410481ae9.txt",
          "modified": "2026-04-10T17:37:28.672511"
        },
        {
          "file": "USER.md",
          "modified": "2026-04-10T07:41:35.741785"
        }
      ],
      "role": "Brazo Derecho"
    }
  ]
}

==================================================
✅ Heartbeat complete
🔍 Paperclip Heartbeat Check
==================================================

 Checking Cornelio (CEO Virtual)...
   Status: active
   Last Activity: 2026-04-10T21:50:01.459762
   Recent Files: 10

 Checking Magnum (Brazo Derecho)...
   Status: active
   Last Activity: 2026-04-10T21:50:01.459973
   Recent Files: 10
📊 Reporting to Paperclip at 2026-04-10T21:50:01.459982
{
  "timestamp": "2026-04-10T21:50:01.459420",
  "company": "Cornelio.app",
  "agents": [
    {
      "name": "Cornelio",
      "status": "active",
      "last_activity": "2026-04-10T21:50:01.459762",
      "active_sessions": 0,
      "recent_tasks": [
        {
          "file": "package.json",
          "modified": "2026-04-10T20:20:16.584857"
        },
        {
          "file": "HEARTBEAT.md",
          "modified": "2026-04-10T07:42:23.599391"
        },
        {
          "file": "IDENTITY.md",
          "modified": "2026-04-10T07:22:45.714208"
        },
        {
          "file": "SOUL.md",
          "modified": "2026-04-10T19:33:16.221765"
        },
        {
          "file": "paperclip_config.json",
          "modified": "2026-04-10T20:38:59.381734"
        },
        {
          "file": "paperclip_magnum_api_key.json",
          "modified": "2026-04-10T21:48:10.894674"
        },
        {
          "file": "AGENTS.md",
          "modified": "2026-04-10T07:22:45.700462"
        },
        {
          "file": "package-lock.json",
          "modified": "2026-04-10T20:20:16.587857"
        },
        {
          "file": "paperclip_agents.json",
          "modified": "2026-04-10T20:52:40.570424"
        },
        {
          "file": "USER.md",
          "modified": "2026-04-10T07:22:45.720633"
        }
      ],
      "role": "CEO Virtual"
    },
    {
      "name": "Magnum",
      "status": "active",
      "last_activity": "2026-04-10T21:50:01.459973",
      "active_sessions": 0,
      "recent_tasks": [
        {
          "file": "MEMORY. md",
          "modified": "2026-04-10T15:19:04.637621"
        },
        {
          "file": "HEARTBEAT.md",
          "modified": "2026-04-10T08:50:27.712890"
        },
        {
          "file": "IDENTITY.md",
          "modified": "2026-04-10T08:50:27.711890"
        },
        {
          "file": "SOUL.md",
          "modified": "2026-04-10T17:42:06.114298"
        },
        {
          "file": "file_1---e84fafd0-05b5-41bb-bf0d-493410481ae9.srt",
          "modified": "2026-04-10T17:37:28.672712"
        },
        {
          "file": "AGENTS.md",
          "modified": "2026-04-10T07:41:35.737785"
        },
        {
          "file": "file_1---e84fafd0-05b5-41bb-bf0d-493410481ae9.json",
          "modified": "2026-04-10T17:37:28.673629"
        },
        {
          "file": "file_1---e84fafd0-05b5-41bb-bf0d-493410481ae9.vtt",
          "modified": "2026-04-10T17:37:28.672616"
        },
        {
          "file": "file_1---e84fafd0-05b5-41bb-bf0d-493410481ae9.txt",
          "modified": "2026-04-10T17:37:28.672511"
        },
        {
          "file": "USER.md",
          "modified": "2026-04-10T07:41:35.741785"
        }
      ],
      "role": "Brazo Derecho"
    }
  ]
}

==================================================
✅ Heartbeat complete
🔍 Paperclip Heartbeat Check
==================================================

 Checking Cornelio (CEO Virtual)...
   Status: active
   Last Activity: 2026-04-10T21:55:01.931205
   Recent Files: 10

 Checking Magnum (Brazo Derecho)...
   Status: active
   Last Activity: 2026-04-10T21:55:01.931444
   Recent Files: 10
📊 Reporting to Paperclip at 2026-04-10T21:55:01.931453
{
  "timestamp": "2026-04-10T21:55:01.930837",
  "company": "Cornelio.app",
  "agents": [
    {
      "name": "Cornelio",
      "status": "active",
      "last_activity": "2026-04-10T21:55:01.931205",
      "active_sessions": 0,
      "recent_tasks": [
        {
          "file": "package.json",
          "modified": "2026-04-10T20:20:16.584857"
        },
        {
          "file": "HEARTBEAT.md",
          "modified": "2026-04-10T07:42:23.599391"
        },
        {
          "file": "IDENTITY.md",
          "modified": "2026-04-10T07:22:45.714208"
        },
        {
          "file": "SOUL.md",
          "modified": "2026-04-10T19:33:16.221765"
        },
        {
          "file": "paperclip_config.json",
          "modified": "2026-04-10T20:38:59.381734"
        },
        {
          "file": "paperclip_magnum_api_key.json",
          "modified": "2026-04-10T21:48:10.894674"
        },
        {
          "file": "AGENTS.md",
          "modified": "2026-04-10T07:22:45.700462"
        },
        {
          "file": "package-lock.json",
          "modified": "2026-04-10T20:20:16.587857"
        },
        {
          "file": "paperclip_agents.json",
          "modified": "2026-04-10T20:52:40.570424"
        },
        {
          "file": "USER.md",
          "modified": "2026-04-10T07:22:45.720633"
        }
      ],
      "role": "CEO Virtual"
    },
    {
      "name": "Magnum",
      "status": "active",
      "last_activity": "2026-04-10T21:55:01.931444",
      "active_sessions": 0,
      "recent_tasks": [
        {
          "file": "MEMORY. md",
          "modified": "2026-04-10T15:19:04.637621"
        },
        {
          "file": "HEARTBEAT.md",
          "modified": "2026-04-10T08:50:27.712890"
        },
        {
          "file": "IDENTITY.md",
          "modified": "2026-04-10T08:50:27.711890"
        },
        {
          "file": "SOUL.md",
          "modified": "2026-04-10T17:42:06.114298"
        },
        {
          "file": "file_1---e84fafd0-05b5-41bb-bf0d-493410481ae9.srt",
          "modified": "2026-04-10T17:37:28.672712"
        },
        {
          "file": "AGENTS.md",
          "modified": "2026-04-10T07:41:35.737785"
        },
        {
          "file": "file_1---e84fafd0-05b5-41bb-bf0d-493410481ae9.json",
          "modified": "2026-04-10T17:37:28.673629"
        },
        {
          "file": "file_1---e84fafd0-05b5-41bb-bf0d-493410481ae9.vtt",
          "modified": "2026-04-10T17:37:28.672616"
        },
        {
          "file": "file_1---e84fafd0-05b5-41bb-bf0d-493410481ae9.txt",
          "modified": "2026-04-10T17:37:28.672511"
        },
        {
          "file": "USER.md",
          "modified": "2026-04-10T07:41:35.741785"
        }
      ],
      "role": "Brazo Derecho"
    }
  ]
}

==================================================
✅ Heartbeat complete
